C51 COMPILER V9.00   MAIN                                                                  05/02/2018 17:29:31 PAGE 1   


C51 COMPILER V9.00, COMPILATION OF MODULE MAIN
OBJECT MODULE PLACED IN main.OBJ
COMPILER INVOKED BY: D:\program files\C51\BIN\C51.EXE main.c BROWSE DEBUG OBJECTEXTEND

line level    source

   1          #include <REGX51.H>
   2          #define uchar unsigned char
   3          #define uint unsigned int
   4          uchar cp1,cp2,cp3,cp4,sec=0,hour=0,min=0,a,b,pwm;
   5          
   6          uint  intensity,infrard,AD1;
   7          
   8          #include <AD.c>
   9          #include <1602.c>
  10          #include <display.c> 
  11          
  12          
  13          #include <key.c>
  14          sbit LED=P2^1;
  15          void timer_isr()interrupt 1
  16          {
  17   1              TL0 = (65535-1000)%256;                     
  18   1          TH0 = (65535-1000)/256;
  19   1              cp1++; cp3++;key();
  20   1              if(cp1>=250)
  21   1              {
  22   2                      cp1=0;
  23   2                      cp2++;
  24   2      //              LCD_clr1602();
  25   2                      intensity=read_pcf8591(0x40);//¹âÇ¿
  26   2                      AD1= intensity/10;
  27   2                      infrard=read_pcf8591(0x42);//ºìÍâ
  28   2              }
  29   1              
  30   1              if(cp2>=4)
  31   1              {
  32   2                      cp2=0;
  33   2            a++;
  34   2                      sec++;
  35   2              }  
  36   1              if(sec>=60)
  37   1              {
  38   2                      min++;
  39   2                      sec=0;
  40   2              }
  41   1              if(min>=60)
  42   1              {
  43   2                      min=0;
  44   2                      hour++;
  45   2              }
  46   1              if(hour>=24) hour=0;
  47   1              if(mode==0)
  48   1              {               
  49   2              if(cp3>=20) cp3=0;  
  50   2              if(cp3>=AD1)  pwm =1;
  51   2              if(cp3<=AD1)  pwm =0;
  52   2          if(infrard>=60)
  53   2                              {
  54   3                                      b=a;
  55   3                                      if(b >= a+10) LED=1;
C51 COMPILER V9.00   MAIN                                                                  05/02/2018 17:29:31 PAGE 2   

  56   3                                      
  57   3                               }
  58   2              else
  59   2                      LED=pwm;
  60   2          }
  61   1         if(mode==1)
  62   1          LED=1;         
  63   1                              
  64   1      }
  65          void timer_init()
  66          {
  67   1          TMOD = 0x01;                  
  68   1              TL0 = (65535-1000)%256;                     
  69   1          TH0 = (65535-1000)/256;
  70   1          TR0 = 1;                        
  71   1          ET0 = 1;                      
  72   1          EA = 1; 
  73   1      }
  74          void main()
  75          {
  76   1           timer_init();
  77   1           init_24c04();
  78   1              init_1602();
  79   1              while(1)
  80   1              {
  81   2               display();
  82   2                      
  83   2                      key();
  84   2              }
  85   1      }


MODULE INFORMATION:   STATIC OVERLAYABLE
   CODE SIZE        =    661    ----
   CONSTANT SIZE    =      8    ----
   XDATA SIZE       =   ----    ----
   PDATA SIZE       =   ----    ----
   DATA SIZE        =     28    ----
   IDATA SIZE       =   ----    ----
   BIT SIZE         =      1    ----
END OF MODULE INFORMATION.


C51 COMPILATION COMPLETE.  0 WARNING(S),  0 ERROR(S)
